{"C:\\my-projects\\finance-tracker\\src\\hooks\\useAppData.ts": {"path":"C:\\my-projects\\finance-tracker\\src\\hooks\\useAppData.ts","statementMap":{"0":{"start":{"line":4,"column":0},"end":{"line":4,"column":16}},"1":{"start":{"line":1,"column":0},"end":{"line":1,"column":79}},"2":{"start":{"line":2,"column":0},"end":{"line":2,"column":100}},"3":{"start":{"line":5,"column":27},"end":{"line":5,"column":46}},"4":{"start":{"line":6,"column":20},"end":{"line":6,"column":32}},"5":{"start":{"line":7,"column":21},"end":{"line":7,"column":34}},"6":{"start":{"line":9,"column":24},"end":{"line":9,"column":56}},"7":{"start":{"line":11,"column":31},"end":{"line":13,"column":3}},"8":{"start":{"line":12,"column":4},"end":{"line":12,"column":52}},"9":{"start":{"line":15,"column":26},"end":{"line":17,"column":3}},"10":{"start":{"line":16,"column":4},"end":{"line":16,"column":67}},"11":{"start":{"line":19,"column":25},"end":{"line":25,"column":3}},"12":{"start":{"line":20,"column":4},"end":{"line":24,"column":22}},"13":{"start":{"line":27,"column":2},"end":{"line":35,"column":4}}},"fnMap":{"0":{"name":"useAppData","decl":{"start":{"line":4,"column":16},"end":{"line":4,"column":26}},"loc":{"start":{"line":4,"column":26},"end":{"line":36,"column":1}}},"1":{"name":"(anonymous_1)","decl":{"start":{"line":11,"column":31},"end":{"line":11,"column":32}},"loc":{"start":{"line":11,"column":56},"end":{"line":13,"column":3}}},"2":{"name":"(anonymous_2)","decl":{"start":{"line":15,"column":26},"end":{"line":15,"column":27}},"loc":{"start":{"line":15,"column":51},"end":{"line":17,"column":3}}},"3":{"name":"(anonymous_3)","decl":{"start":{"line":19,"column":25},"end":{"line":19,"column":26}},"loc":{"start":{"line":19,"column":44},"end":{"line":25,"column":3}}}},"branchMap":{"0":{"loc":{"start":{"line":22,"column":16},"end":{"line":22,"column":93}},"type":"cond-expr","locations":[{"start":{"line":22,"column":44},"end":{"line":22,"column":49}},{"start":{"line":22,"column":52},"end":{"line":22,"column":93}}]},"1":{"loc":{"start":{"line":22,"column":52},"end":{"line":22,"column":93}},"type":"cond-expr","locations":[{"start":{"line":22,"column":80},"end":{"line":22,"column":85}},{"start":{"line":22,"column":88},"end":{"line":22,"column":93}}]}},"s":{"0":1,"1":1,"2":1,"3":6,"4":6,"5":6,"6":6,"7":6,"8":1,"9":6,"10":1,"11":6,"12":2,"13":6},"f":{"0":6,"1":1,"2":1,"3":2},"b":{"0":[1,1],"1":[1,0]}}
,"C:\\my-projects\\finance-tracker\\src\\hooks\\useLocalStorage.ts": {"path":"C:\\my-projects\\finance-tracker\\src\\hooks\\useLocalStorage.ts","statementMap":{"0":{"start":{"line":4,"column":0},"end":{"line":4,"column":16}},"1":{"start":{"line":33,"column":0},"end":{"line":33,"column":16}},"2":{"start":{"line":37,"column":0},"end":{"line":37,"column":16}},"3":{"start":{"line":41,"column":0},"end":{"line":41,"column":16}},"4":{"start":{"line":45,"column":0},"end":{"line":45,"column":16}},"5":{"start":{"line":1,"column":0},"end":{"line":1,"column":33}},"6":{"start":{"line":9,"column":40},"end":{"line":18,"column":4}},"7":{"start":{"line":10,"column":4},"end":{"line":17,"column":5}},"8":{"start":{"line":11,"column":19},"end":{"line":11,"column":51}},"9":{"start":{"line":13,"column":6},"end":{"line":13,"column":52}},"10":{"start":{"line":15,"column":6},"end":{"line":15,"column":71}},"11":{"start":{"line":16,"column":6},"end":{"line":16,"column":26}},"12":{"start":{"line":20,"column":19},"end":{"line":28,"column":3}},"13":{"start":{"line":21,"column":4},"end":{"line":27,"column":5}},"14":{"start":{"line":22,"column":27},"end":{"line":22,"column":81}},"15":{"start":{"line":23,"column":6},"end":{"line":23,"column":35}},"16":{"start":{"line":24,"column":6},"end":{"line":24,"column":69}},"17":{"start":{"line":26,"column":6},"end":{"line":26,"column":71}},"18":{"start":{"line":30,"column":2},"end":{"line":30,"column":33}},"19":{"start":{"line":34,"column":4},"end":{"line":34,"column":54}},"20":{"start":{"line":38,"column":4},"end":{"line":38,"column":65}},"21":{"start":{"line":42,"column":4},"end":{"line":42,"column":55}},"22":{"start":{"line":46,"column":4},"end":{"line":50,"column":7}}},"fnMap":{"0":{"name":"useLocalStorage","decl":{"start":{"line":4,"column":16},"end":{"line":4,"column":31}},"loc":{"start":{"line":6,"column":19},"end":{"line":31,"column":1}}},"1":{"name":"(anonymous_1)","decl":{"start":{"line":9,"column":52},"end":{"line":9,"column":55}},"loc":{"start":{"line":9,"column":57},"end":{"line":18,"column":3}}},"2":{"name":"(anonymous_2)","decl":{"start":{"line":20,"column":19},"end":{"line":20,"column":20}},"loc":{"start":{"line":20,"column":50},"end":{"line":28,"column":3}}},"3":{"name":"useExpenses","decl":{"start":{"line":33,"column":16},"end":{"line":33,"column":27}},"loc":{"start":{"line":33,"column":27},"end":{"line":35,"column":1}}},"4":{"name":"useUserCategories","decl":{"start":{"line":37,"column":16},"end":{"line":37,"column":33}},"loc":{"start":{"line":37,"column":33},"end":{"line":39,"column":1}}},"5":{"name":"useBudgets","decl":{"start":{"line":41,"column":16},"end":{"line":41,"column":26}},"loc":{"start":{"line":41,"column":26},"end":{"line":43,"column":1}}},"6":{"name":"useSettings","decl":{"start":{"line":45,"column":16},"end":{"line":45,"column":27}},"loc":{"start":{"line":45,"column":27},"end":{"line":51,"column":1}}}},"branchMap":{"0":{"loc":{"start":{"line":13,"column":13},"end":{"line":13,"column":51}},"type":"cond-expr","locations":[{"start":{"line":13,"column":20},"end":{"line":13,"column":36}},{"start":{"line":13,"column":39},"end":{"line":13,"column":51}}]},"1":{"loc":{"start":{"line":22,"column":27},"end":{"line":22,"column":81}},"type":"cond-expr","locations":[{"start":{"line":22,"column":55},"end":{"line":22,"column":73}},{"start":{"line":22,"column":76},"end":{"line":22,"column":81}}]}},"s":{"0":2,"1":2,"2":2,"3":2,"4":2,"5":2,"6":17,"7":10,"8":10,"9":10,"10":1,"11":1,"12":17,"13":7,"14":7,"15":7,"16":7,"17":1,"18":17,"19":2,"20":2,"21":2,"22":2},"f":{"0":17,"1":10,"2":7,"3":2,"4":2,"5":2,"6":2},"b":{"0":[2,8],"1":[1,6]}}
,"C:\\my-projects\\finance-tracker\\src\\lib\\utils.ts": {"path":"C:\\my-projects\\finance-tracker\\src\\lib\\utils.ts","statementMap":{"0":{"start":{"line":4,"column":0},"end":{"line":4,"column":16}},"1":{"start":{"line":1,"column":0},"end":{"line":1,"column":44}},"2":{"start":{"line":2,"column":0},"end":{"line":2,"column":40}},"3":{"start":{"line":5,"column":2},"end":{"line":5,"column":null}}},"fnMap":{"0":{"name":"cn","decl":{"start":{"line":4,"column":16},"end":{"line":4,"column":18}},"loc":{"start":{"line":4,"column":42},"end":{"line":6,"column":1}}}},"branchMap":{},"s":{"0":0,"1":0,"2":0,"3":0},"f":{"0":0},"b":{}}
,"C:\\my-projects\\finance-tracker\\src\\utils\\categories.ts": {"path":"C:\\my-projects\\finance-tracker\\src\\utils\\categories.ts","statementMap":{"0":{"start":{"line":14,"column":0},"end":{"line":14,"column":16}},"1":{"start":{"line":26,"column":0},"end":{"line":26,"column":16}},"2":{"start":{"line":41,"column":0},"end":{"line":41,"column":16}},"3":{"start":{"line":4,"column":13},"end":{"line":11,"column":2}},"4":{"start":{"line":15,"column":44},"end":{"line":20,"column":5}},"5":{"start":{"line":15,"column":67},"end":{"line":20,"column":4}},"6":{"start":{"line":22,"column":2},"end":{"line":22,"column":51}},"7":{"start":{"line":31,"column":2},"end":{"line":33,"column":3}},"8":{"start":{"line":32,"column":4},"end":{"line":32,"column":37}},"9":{"start":{"line":36,"column":26},"end":{"line":36,"column":75}},"10":{"start":{"line":36,"column":49},"end":{"line":36,"column":74}},"11":{"start":{"line":37,"column":2},"end":{"line":37,"column":38}},"12":{"start":{"line":46,"column":23},"end":{"line":46,"column":76}},"13":{"start":{"line":46,"column":50},"end":{"line":46,"column":75}},"14":{"start":{"line":47,"column":2},"end":{"line":47,"column":40}},"15":{"start":{"line":47,"column":20},"end":{"line":47,"column":40}},"16":{"start":{"line":50,"column":26},"end":{"line":50,"column":75}},"17":{"start":{"line":50,"column":49},"end":{"line":50,"column":74}},"18":{"start":{"line":51,"column":2},"end":{"line":58,"column":3}},"19":{"start":{"line":52,"column":4},"end":{"line":57,"column":6}},"20":{"start":{"line":60,"column":2},"end":{"line":60,"column":19}},"21":{"start":{"line":64,"column":33},"end":{"line":66,"column":1}},"22":{"start":{"line":65,"column":2},"end":{"line":65,"column":51}},"23":{"start":{"line":65,"column":32},"end":{"line":65,"column":49}},"24":{"start":{"line":64,"column":13},"end":{"line":64,"column":33}},"25":{"start":{"line":68,"column":32},"end":{"line":70,"column":1}},"26":{"start":{"line":69,"column":2},"end":{"line":69,"column":61}},"27":{"start":{"line":68,"column":13},"end":{"line":68,"column":32}},"28":{"start":{"line":72,"column":13},"end":{"line":76,"column":2}},"29":{"start":{"line":78,"column":13},"end":{"line":81,"column":2}}},"fnMap":{"0":{"name":"getAllCategories","decl":{"start":{"line":14,"column":16},"end":{"line":14,"column":32}},"loc":{"start":{"line":14,"column":68},"end":{"line":23,"column":1}}},"1":{"name":"(anonymous_1)","decl":{"start":{"line":15,"column":59},"end":{"line":15,"column":62}},"loc":{"start":{"line":15,"column":67},"end":{"line":20,"column":4}}},"2":{"name":"getCategoryBudget","decl":{"start":{"line":26,"column":16},"end":{"line":26,"column":33}},"loc":{"start":{"line":28,"column":26},"end":{"line":38,"column":1}}},"3":{"name":"(anonymous_3)","decl":{"start":{"line":36,"column":42},"end":{"line":36,"column":45}},"loc":{"start":{"line":36,"column":49},"end":{"line":36,"column":74}}},"4":{"name":"getCategoryByNameEnhanced","decl":{"start":{"line":41,"column":16},"end":{"line":41,"column":41}},"loc":{"start":{"line":43,"column":37},"end":{"line":61,"column":1}}},"5":{"name":"(anonymous_5)","decl":{"start":{"line":46,"column":43},"end":{"line":46,"column":46}},"loc":{"start":{"line":46,"column":50},"end":{"line":46,"column":75}}},"6":{"name":"(anonymous_6)","decl":{"start":{"line":50,"column":42},"end":{"line":50,"column":45}},"loc":{"start":{"line":50,"column":49},"end":{"line":50,"column":74}}},"7":{"name":"(anonymous_7)","decl":{"start":{"line":64,"column":33},"end":{"line":64,"column":34}},"loc":{"start":{"line":64,"column":72},"end":{"line":66,"column":1}}},"8":{"name":"(anonymous_8)","decl":{"start":{"line":65,"column":25},"end":{"line":65,"column":28}},"loc":{"start":{"line":65,"column":32},"end":{"line":65,"column":49}}},"9":{"name":"(anonymous_9)","decl":{"start":{"line":68,"column":32},"end":{"line":68,"column":33}},"loc":{"start":{"line":68,"column":65},"end":{"line":70,"column":1}}}},"branchMap":{"0":{"loc":{"start":{"line":14,"column":33},"end":{"line":14,"column":68}},"type":"default-arg","locations":[{"start":{"line":14,"column":66},"end":{"line":14,"column":68}}]},"1":{"loc":{"start":{"line":31,"column":2},"end":{"line":33,"column":3}},"type":"if","locations":[{"start":{"line":31,"column":2},"end":{"line":33,"column":3}},{"start":{},"end":{}}]},"2":{"loc":{"start":{"line":37,"column":9},"end":{"line":37,"column":37}},"type":"binary-expr","locations":[{"start":{"line":37,"column":9},"end":{"line":37,"column":32}},{"start":{"line":37,"column":36},"end":{"line":37,"column":37}}]},"3":{"loc":{"start":{"line":37,"column":9},"end":{"line":37,"column":32}},"type":"cond-expr","locations":[{"start":{"line":37,"column":24},"end":{"line":37,"column":26}},{"start":{"line":37,"column":9},"end":{"line":37,"column":32}}]},"4":{"loc":{"start":{"line":37,"column":9},"end":{"line":37,"column":26}},"type":"binary-expr","locations":[{"start":{"line":37,"column":9},"end":{"line":37,"column":26}},{"start":{"line":37,"column":9},"end":{"line":37,"column":26}}]},"5":{"loc":{"start":{"line":43,"column":2},"end":{"line":43,"column":37}},"type":"default-arg","locations":[{"start":{"line":43,"column":35},"end":{"line":43,"column":37}}]},"6":{"loc":{"start":{"line":47,"column":2},"end":{"line":47,"column":40}},"type":"if","locations":[{"start":{"line":47,"column":2},"end":{"line":47,"column":40}},{"start":{},"end":{}}]},"7":{"loc":{"start":{"line":51,"column":2},"end":{"line":58,"column":3}},"type":"if","locations":[{"start":{"line":51,"column":2},"end":{"line":58,"column":3}},{"start":{},"end":{}}]},"8":{"loc":{"start":{"line":69,"column":9},"end":{"line":69,"column":60}},"type":"binary-expr","locations":[{"start":{"line":69,"column":9},"end":{"line":69,"column":47}},{"start":{"line":69,"column":51},"end":{"line":69,"column":60}}]},"9":{"loc":{"start":{"line":69,"column":9},"end":{"line":69,"column":47}},"type":"cond-expr","locations":[{"start":{"line":69,"column":40},"end":{"line":69,"column":42}},{"start":{"line":69,"column":40},"end":{"line":69,"column":47}}]},"10":{"loc":{"start":{"line":69,"column":9},"end":{"line":69,"column":42}},"type":"binary-expr","locations":[{"start":{"line":69,"column":9},"end":{"line":69,"column":42}},{"start":{"line":69,"column":40},"end":{"line":69,"column":42}}]}},"s":{"0":1,"1":1,"2":1,"3":1,"4":2,"5":12,"6":2,"7":4,"8":2,"9":2,"10":8,"11":2,"12":3,"13":5,"14":3,"15":1,"16":2,"17":7,"18":2,"19":1,"20":1,"21":1,"22":4,"23":14,"24":1,"25":1,"26":2,"27":1,"28":1,"29":1},"f":{"0":2,"1":12,"2":4,"3":8,"4":3,"5":5,"6":7,"7":4,"8":14,"9":2},"b":{"0":[1],"1":[2,2],"2":[2,1],"3":[1,1],"4":[2,2],"5":[0],"6":[1,2],"7":[1,1],"8":[2,1],"9":[1,1],"10":[2,2]}}
}
