TN:
SF:src\hooks\useAppData.ts
FN:4,useAppData
FN:11,(anonymous_1)
FN:15,(anonymous_2)
FN:19,(anonymous_3)
FNF:4
FNH:4
FNDA:6,useAppData
FNDA:1,(anonymous_1)
FNDA:1,(anonymous_2)
FNDA:2,(anonymous_3)
DA:1,1
DA:2,1
DA:4,1
DA:5,6
DA:6,6
DA:7,6
DA:9,6
DA:11,6
DA:12,1
DA:15,6
DA:16,1
DA:19,6
DA:20,2
DA:27,6
LF:14
LH:14
BRDA:22,0,0,1
BRDA:22,0,1,1
BRDA:22,1,0,1
BRDA:22,1,1,0
BRF:4
BRH:3
end_of_record
TN:
SF:src\hooks\useLocalStorage.ts
FN:4,useLocalStorage
FN:9,(anonymous_1)
FN:20,(anonymous_2)
FN:33,useExpenses
FN:37,useUserCategories
FN:41,useBudgets
FN:45,useSettings
FNF:7
FNH:7
FNDA:17,useLocalStorage
FNDA:10,(anonymous_1)
FNDA:7,(anonymous_2)
FNDA:2,useExpenses
FNDA:2,useUserCategories
FNDA:2,useBudgets
FNDA:2,useSettings
DA:1,2
DA:4,2
DA:9,17
DA:10,10
DA:11,10
DA:13,10
DA:15,1
DA:16,1
DA:20,17
DA:21,7
DA:22,7
DA:23,7
DA:24,7
DA:26,1
DA:30,17
DA:33,2
DA:34,2
DA:37,2
DA:38,2
DA:41,2
DA:42,2
DA:45,2
DA:46,2
LF:23
LH:23
BRDA:13,0,0,2
BRDA:13,0,1,8
BRDA:22,1,0,1
BRDA:22,1,1,6
BRF:4
BRH:4
end_of_record
TN:
SF:src\lib\utils.ts
FN:4,cn
FNF:1
FNH:0
FNDA:0,cn
DA:1,0
DA:2,0
DA:4,0
DA:5,0
LF:4
LH:0
BRF:0
BRH:0
end_of_record
TN:
SF:src\utils\categories.ts
FN:14,getAllCategories
FN:15,(anonymous_1)
FN:26,getCategoryBudget
FN:36,(anonymous_3)
FN:41,getCategoryByNameEnhanced
FN:46,(anonymous_5)
FN:50,(anonymous_6)
FN:64,(anonymous_7)
FN:65,(anonymous_8)
FN:68,(anonymous_9)
FNF:10
FNH:10
FNDA:2,getAllCategories
FNDA:12,(anonymous_1)
FNDA:4,getCategoryBudget
FNDA:8,(anonymous_3)
FNDA:3,getCategoryByNameEnhanced
FNDA:5,(anonymous_5)
FNDA:7,(anonymous_6)
FNDA:4,(anonymous_7)
FNDA:14,(anonymous_8)
FNDA:2,(anonymous_9)
DA:4,1
DA:14,1
DA:15,12
DA:22,2
DA:26,1
DA:31,4
DA:32,2
DA:36,8
DA:37,2
DA:41,1
DA:46,5
DA:47,3
DA:50,7
DA:51,2
DA:52,1
DA:60,1
DA:64,1
DA:65,14
DA:68,1
DA:69,2
DA:72,1
DA:78,1
LF:22
LH:22
BRDA:14,0,0,1
BRDA:31,1,0,2
BRDA:31,1,1,2
BRDA:37,2,0,2
BRDA:37,2,1,1
BRDA:37,3,0,1
BRDA:37,3,1,1
BRDA:37,4,0,2
BRDA:37,4,1,2
BRDA:43,5,0,0
BRDA:47,6,0,1
BRDA:47,6,1,2
BRDA:51,7,0,1
BRDA:51,7,1,1
BRDA:69,8,0,2
BRDA:69,8,1,1
BRDA:69,9,0,1
BRDA:69,9,1,1
BRDA:69,10,0,2
BRDA:69,10,1,2
BRF:20
BRH:19
end_of_record
